{
  "RSpec": {
    "coverage": {
      "/Users/student/Documents/projects/oystercard/spec/journey_log_spec.rb": [
        1,
        null,
        1,
        1,
        1,
        1,
        1,
        null,
        null,
        null,
        null,
        null,
        null,
        null,
        null,
        null,
        null,
        null,
        null,
        null,
        null
      ],
      "/Users/student/Documents/projects/oystercard/lib/journey_log.rb": [
        null,
        null,
        null,
        1,
        1,
        1,
        13,
        13,
        null,
        null,
        1,
        4,
        4,
        null,
        null,
        1,
        2,
        2,
        null,
        null,
        1,
        3,
        null,
        null,
        null,
        null,
        null,
        null,
        null,
        null
      ],
      "/Users/student/Documents/projects/oystercard/spec/journey_spec.rb": [
        1,
        1,
        6,
        null,
        1,
        1,
        null,
        null,
        1,
        1,
        null,
        null,
        1,
        1,
        null,
        null,
        1,
        5,
        null,
        1,
        1,
        null,
        null,
        1,
        1,
        null,
        null,
        1,
        3,
        null,
        1,
        2,
        null,
        null,
        1,
        1,
        null,
        null,
        1,
        1,
        null,
        null,
        null,
        2,
        2,
        2,
        1,
        1,
        1,
        1,
        1,
        1,
        1,
        null,
        null
      ],
      "/Users/student/Documents/projects/oystercard/lib/journey.rb": [
        null,
        null,
        null,
        1,
        1,
        1,
        1,
        1,
        1,
        29,
        29,
        null,
        null,
        1,
        7,
        null,
        null,
        1,
        10,
        null,
        null,
        1,
        8,
        null,
        null,
        1,
        5,
        5,
        null,
        null,
        1,
        null,
        1,
        5,
        null,
        null
      ],
      "/Users/student/Documents/projects/oystercard/spec/oystercard_spec.rb": [
        1,
        null,
        1,
        1,
        1,
        7,
        1,
        1,
        1,
        1,
        1,
        1,
        null,
        null,
        null,
        null,
        null,
        null,
        null,
        null,
        1,
        2,
        1,
        1,
        null,
        1,
        1,
        1,
        1,
        null,
        null,
        1,
        2,
        1,
        4,
        null,
        1,
        1,
        2,
        null,
        null,
        1,
        1,
        2,
        null,
        1,
        1,
        1,
        4,
        null,
        1,
        1,
        4,
        null,
        null,
        1,
        1,
        1,
        1,
        4,
        null,
        1,
        1,
        4,
        null,
        1,
        1,
        2,
        null,
        null,
        null,
        null,
        null,
        null,
        null,
        null,
        null,
        null,
        null,
        null,
        null
      ],
      "/Users/student/Documents/projects/oystercard/lib/Oystercard.rb": [
        null,
        null,
        1,
        1,
        1,
        null,
        null,
        1,
        1,
        1,
        1,
        1,
        null,
        1,
        13,
        13,
        null,
        null,
        1,
        9,
        null,
        8,
        null,
        null,
        1,
        5,
        null,
        4,
        4,
        null,
        null,
        1,
        3,
        null,
        2,
        2,
        null,
        null,
        1,
        1,
        null,
        null,
        1,
        null,
        1,
        3,
        null,
        null,
        1,
        3,
        null,
        3,
        null,
        null,
        1,
        9,
        null,
        null,
        1,
        3,
        null,
        null,
        1,
        5,
        null,
        null
      ],
      "/Users/student/Documents/projects/oystercard/lib/station.rb": [
        null,
        null,
        null,
        1,
        1,
        1,
        1,
        1,
        null,
        null
      ],
      "/Users/student/Documents/projects/oystercard/spec/station_spec.rb": [
        1,
        null,
        1,
        1,
        1,
        1,
        1,
        null,
        null
      ]
    },
    "timestamp": 1562341565
  }
}
