{
  "RSpec": {
    "coverage": {
      "/Users/joshhemser/Makers/Projects/Collaborator/TB_Oystercard/oystercard/spec/journey_spec.rb": [
        1,
        1,
        6,
        null,
        1,
        1,
        null,
        null,
        1,
        1,
        null,
        null,
        1,
        1,
        null,
        null,
        1,
        5,
        null,
        1,
        1,
        null,
        null,
        1,
        1,
        null,
        null,
        1,
        3,
        null,
        1,
        2,
        null,
        null,
        1,
        1,
        null,
        null,
        1,
        1,
        null,
        null,
        null,
        null
      ],
      "/Users/joshhemser/Makers/Projects/Collaborator/TB_Oystercard/oystercard/lib/journey.rb": [
        null,
        null,
        null,
        1,
        1,
        1,
        1,
        1,
        1,
        29,
        29,
        null,
        null,
        1,
        9,
        null,
        null,
        1,
        9,
        null,
        null,
        1,
        7,
        null,
        null,
        1,
        6,
        6,
        null,
        null
      ],
      "/Users/joshhemser/Makers/Projects/Collaborator/TB_Oystercard/oystercard/spec/oystercard_spec.rb": [
        1,
        null,
        1,
        1,
        1,
        7,
        1,
        1,
        1,
        1,
        1,
        1,
        null,
        1,
        1,
        1,
        1,
        1,
        null,
        null,
        1,
        2,
        1,
        1,
        null,
        1,
        1,
        1,
        1,
        null,
        null,
        1,
        2,
        1,
        4,
        null,
        1,
        1,
        2,
        null,
        null,
        1,
        1,
        2,
        null,
        1,
        1,
        1,
        4,
        null,
        1,
        1,
        4,
        null,
        null,
        1,
        1,
        1,
        1,
        4,
        null,
        1,
        1,
        4,
        null,
        1,
        1,
        2,
        null,
        null,
        null
      ],
      "/Users/joshhemser/Makers/Projects/Collaborator/TB_Oystercard/oystercard/lib/Oystercard.rb": [
        null,
        null,
        1,
        1,
        null,
        null,
        1,
        1,
        1,
        1,
        1,
        null,
        1,
        14,
        14,
        14,
        null,
        null,
        1,
        10,
        null,
        9,
        null,
        null,
        1,
        6,
        null,
        5,
        5,
        null,
        null,
        1,
        4,
        null,
        3,
        3,
        3,
        null,
        null,
        1,
        null,
        1,
        3,
        3,
        null,
        null,
        1,
        4,
        null,
        4,
        null,
        null,
        1,
        10,
        null,
        null,
        1,
        4,
        null,
        null,
        1,
        6,
        null,
        null
      ],
      "/Users/joshhemser/Makers/Projects/Collaborator/TB_Oystercard/oystercard/lib/station.rb": [
        null,
        null,
        null,
        1,
        1,
        1,
        1,
        1,
        null,
        null
      ],
      "/Users/joshhemser/Makers/Projects/Collaborator/TB_Oystercard/oystercard/spec/station_spec.rb": [
        1,
        null,
        1,
        1,
        1,
        1,
        1,
        null,
        null
      ]
    },
    "timestamp": 1562159333
  }
}
